<?xml version="1.0" encoding="UTF-8"?>
<!-- Generated by org.testng.reporters.JUnitReportReporter -->
<testsuite hostname="LAPTOP-O8CFTKQD" failures="0" tests="2" name="com.webservices.testing.sampleAPI" time="4.791" errors="0" timestamp="21 Aug 2019 08:06:30 GMT" skipped="0">
  <testcase classname="com.webservices.testing.sampleAPI" name="firstapitest" time="3.919"/>
  <testcase classname="com.webservices.testing.sampleAPI" name="postmethod" time="0.872"/>
</testsuite> <!-- com.webservices.testing.sampleAPI -->
