<?xml version="1.0" encoding="UTF-8"?>
<!-- Generated by org.testng.reporters.JUnitReportReporter -->
<testsuite hostname="LAPTOP-O8CFTKQD" failures="0" tests="2" name="com.webservices.testing.sampleAPI" time="4.272" errors="0" timestamp="21 Aug 2019 01:42:56 GMT" skipped="0">
  <testcase classname="com.webservices.testing.sampleAPI" name="firstapitest" time="3.402"/>
  <testcase classname="com.webservices.testing.sampleAPI" name="postmethod" time="0.870"/>
</testsuite> <!-- com.webservices.testing.sampleAPI -->
